0 info it worked if it ends with ok
1 verbose cli [ '/usr/local/bin/node', '/usr/local/bin/npm', 'publish' ]
2 info using npm@2.14.2
3 info using node@v4.0.0
4 verbose publish [ '.' ]
5 silly cache add args [ '.', null ]
6 verbose cache add spec .
7 silly cache add parsed spec Result {
7 silly cache add   raw: '.',
7 silly cache add   scope: null,
7 silly cache add   name: null,
7 silly cache add   rawSpec: '.',
7 silly cache add   spec: '/Users/andrepadez/develop/vigour-io/gaston-blessify',
7 silly cache add   type: 'directory' }
8 verbose addLocalDirectory /Users/andrepadez/.npm/gaston-blessify/0.2.0/package.tgz not in flight; packing
9 verbose tar pack [ '/Users/andrepadez/.npm/gaston-blessify/0.2.0/package.tgz',
9 verbose tar pack   '/Users/andrepadez/develop/vigour-io/gaston-blessify' ]
10 verbose tarball /Users/andrepadez/.npm/gaston-blessify/0.2.0/package.tgz
11 verbose folder /Users/andrepadez/develop/vigour-io/gaston-blessify
12 info prepublish gaston-blessify@0.2.0
13 verbose addLocalTarball adding from inside cache /Users/andrepadez/.npm/gaston-blessify/0.2.0/package.tgz
14 silly cache afterAdd gaston-blessify@0.2.0
15 verbose afterAdd /Users/andrepadez/.npm/gaston-blessify/0.2.0/package/package.json not in flight; writing
16 verbose afterAdd /Users/andrepadez/.npm/gaston-blessify/0.2.0/package/package.json written
17 silly publish { name: 'gaston-blessify',
17 silly publish   version: '0.2.0',
17 silly publish   description: 'blessify plugin for gaston',
17 silly publish   main: 'index.js',
17 silly publish   scripts: { test: 'gaston test' },
17 silly publish   repository:
17 silly publish    { type: 'git',
17 silly publish      url: 'git+ssh://git@github.com/vigour-io/gaston-blessify.git' },
17 silly publish   author: { name: 'andre.padez@gmail.com' },
17 silly publish   license: 'ISC',
17 silly publish   bugs: { url: 'https://github.com/vigour-io/gaston-blessify/issues' },
17 silly publish   homepage: 'https://github.com/vigour-io/gaston-blessify#readme',
17 silly publish   dependencies: { less: '^2.5.1', through2: '^2.0.0' },
17 silly publish   readme: '# blessify\n### browserify transform for require(\'something.less\')\n\nThis came from being inspired but at the same time disappointed with lessify/node-lessify; it works well, but has some use cases where i needed to change it so i decided to create one that fits my needs.\nThe goal is to be able to require less files from whatever browserify module.\nLet\'s take this example\n\n```\n- app  \n  - modules\n    - some-module\n      - index.html\n      - index.js  \n      - style.less  \n  - index.html  \n  - index.js\n  - global.less\n- node_modules\n- package.json\n```\n\n#### The Problem:  \nYour application will bundle with one or more modules and will include global.less either through a require in index.js or an @import in style.less.  \nYou also want to be able to run every module in isolation so each module will also have to include global.less for compilation.  \nLessify inserts style tags to the head of the HTML document but global.less gets included multiple times when you compile app/index.js which bloats the js bundle.\nThis also leads for if you @import global.less from other less files, it won\'t be watched when you run watchify.\n\n#### The Solution  \nI wrote this browserify transform that is extended with:\n* blessify.render: method that returns a promise fulfilled with the less output\n\nThe transform parses all the less files in a consistent way, and buffers them until the JS compilation is successful.\nI expose a render method that will render the less with no such caveats and returns a promise with the result of the compilation.\n\n#### Usage  \n```\n$ npm install blessify\n```\n```javascript\nvar browserify = require(\'browserify\')\n  , Blessify = require(\'blessify\');\n\nvar wStream = fs.createWriteStream(\'path/to/bundle.js\');\nvar b = browserify();\nvar blessify = new Blessify(options);\nb.transform(blessify.transform, options);\nb.add(\'path/to/index.js\');\nb.bundle().pipe(wStream);\n\nwStream.on(\'close\', function(){\n  blessify.render()\n    .then(function(output){\n       //write output.css to a bundle.css\n       fs.writeFile(\'path/to/bundle.css\', \'utf8\', function(err){\n          console.log(\'compilation successfull\');\n       });\n    });\n});\n```\n',
17 silly publish   readmeFilename: 'README.md',
17 silly publish   gitHead: '637761e3fb4fb8a38030601cdea4fd47cdaeba91',
17 silly publish   _id: 'gaston-blessify@0.2.0',
17 silly publish   _shasum: '664507d9e98734fdc58544594c70d090192f6ee4',
17 silly publish   _from: '.' }
18 verbose getPublishConfig undefined
19 silly mapToRegistry name gaston-blessify
20 silly mapToRegistry using default registry
21 silly mapToRegistry registry https://registry.npmjs.org/
22 silly mapToRegistry uri https://registry.npmjs.org/gaston-blessify
23 verbose publish registryBase https://registry.npmjs.org/
24 silly publish uploading /Users/andrepadez/.npm/gaston-blessify/0.2.0/package.tgz
25 verbose request uri https://registry.npmjs.org/gaston-blessify
26 verbose request sending authorization for write operation
27 info attempt registry request try #1 at 8:49:31 PM
28 verbose request using bearer token for auth
29 verbose request id fd75515340e8dd05
30 http request PUT https://registry.npmjs.org/gaston-blessify
31 http 403 https://registry.npmjs.org/gaston-blessify
32 verbose headers { 'content-type': 'application/json',
32 verbose headers   'cache-control': 'max-age=60',
32 verbose headers   'content-length': '95',
32 verbose headers   'accept-ranges': 'bytes',
32 verbose headers   date: 'Thu, 17 Sep 2015 18:49:33 GMT',
32 verbose headers   via: '1.1 varnish',
32 verbose headers   connection: 'keep-alive',
32 verbose headers   'x-served-by': 'cache-fra1226-FRA',
32 verbose headers   'x-cache': 'MISS',
32 verbose headers   'x-cache-hits': '0',
32 verbose headers   'x-timer': 'S1442515772.240365,VS0,VE982' }
33 verbose request invalidating /Users/andrepadez/.npm/registry.npmjs.org/gaston-blessify on PUT
34 error publish Failed PUT 403
35 verbose stack Error: "You cannot publish over the previously published version 0.2.0." : gaston-blessify
35 verbose stack     at makeError (/usr/local/lib/node_modules/npm/node_modules/npm-registry-client/lib/request.js:263:12)
35 verbose stack     at CachingRegistryClient.<anonymous> (/usr/local/lib/node_modules/npm/node_modules/npm-registry-client/lib/request.js:251:14)
35 verbose stack     at Request._callback (/usr/local/lib/node_modules/npm/node_modules/npm-registry-client/lib/request.js:171:14)
35 verbose stack     at Request.self.callback (/usr/local/lib/node_modules/npm/node_modules/request/request.js:198:22)
35 verbose stack     at emitTwo (events.js:87:13)
35 verbose stack     at Request.emit (events.js:172:7)
35 verbose stack     at Request.<anonymous> (/usr/local/lib/node_modules/npm/node_modules/request/request.js:1073:14)
35 verbose stack     at emitOne (events.js:82:20)
35 verbose stack     at Request.emit (events.js:169:7)
35 verbose stack     at IncomingMessage.<anonymous> (/usr/local/lib/node_modules/npm/node_modules/request/request.js:1019:12)
36 verbose statusCode 403
37 verbose pkgid gaston-blessify
38 verbose cwd /Users/andrepadez/develop/vigour-io/gaston-blessify
39 error Darwin 14.5.0
40 error argv "/usr/local/bin/node" "/usr/local/bin/npm" "publish"
41 error node v4.0.0
42 error npm  v2.14.2
43 error code E403
44 error "You cannot publish over the previously published version 0.2.0." : gaston-blessify
45 error If you need help, you may report this error at:
45 error     <https://github.com/npm/npm/issues>
46 verbose exit [ 1, true ]
